<?xml version="1.0" encoding="UTF-8"?>
<!-- Generated by org.testng.reporters.JUnitReportReporter -->
<testsuite hostname="santoshumarsmbp.lan" failures="0" tests="1" name="com.jcpenny.tests.AddRemoveCart" time="17.092" errors="0" timestamp="2024-04-25T21:25:53 CDT" skipped="0">
  <testcase classname="com.jcpenny.tests.AddRemoveCart" name="addRemoveCart" time="17.092"/>
</testsuite> <!-- com.jcpenny.tests.AddRemoveCart -->
