<?xml version="1.0" encoding="UTF-8"?>
<!-- Generated by org.testng.reporters.JUnitReportReporter -->
<testsuite hostname="santoshumarsmbp.lan" failures="0" tests="1" name="com.jcpenny.tests.CheckOutUsingExsistingUser" time="19.877" errors="0" timestamp="2024-04-26T11:13:21 CDT" skipped="0">
  <testcase classname="com.jcpenny.tests.CheckOutUsingExsistingUser" name="TestcheckOutUsingExsistingUser" time="19.877"/>
</testsuite> <!-- com.jcpenny.tests.CheckOutUsingExsistingUser -->
