<?xml version="1.0" encoding="UTF-8"?>
<!-- Generated by org.testng.reporters.JUnitReportReporter -->
<testsuite hostname="santoshumarsmbp.lan" failures="0" tests="1" name="ComTest.com.qaguru.training.feb2024.NewTest" time="0.009" errors="0" timestamp="2024-04-11T10:59:29 CDT" skipped="0">
  <testcase classname="ComTest.com.qaguru.training.feb2024.NewTest" name="f" time="0.009"/>
</testsuite> <!-- ComTest.com.qaguru.training.feb2024.NewTest -->
