<?xml version="1.0" encoding="UTF-8"?>
<!-- Generated by org.testng.reporters.JUnitReportReporter -->
<testsuite hostname="santoshumarsmbp.lan" failures="0" tests="1" name="com.selenium.WindowHandle" time="22.215" errors="0" timestamp="2024-04-16T10:20:52 CDT" skipped="0">
  <testcase classname="com.selenium.WindowHandle" name="testWindowTab" time="22.215"/>
</testsuite> <!-- com.selenium.WindowHandle -->
