<?xml version="1.0" encoding="UTF-8"?>
<!-- Generated by org.testng.reporters.JUnitReportReporter -->
<testsuite hostname="santoshumarsmbp.lan" failures="0" tests="1" name="com.selenium.UploadFile" time="3.788" errors="0" timestamp="2024-04-17T21:38:16 CDT" skipped="0">
  <testcase classname="com.selenium.UploadFile" name="testUpload" time="3.788"/>
</testsuite> <!-- com.selenium.UploadFile -->
