<?xml version="1.0" encoding="UTF-8"?>
<!-- Generated by org.testng.reporters.JUnitReportReporter -->
<testsuite hostname="santoshumarsmbp.lan" failures="0" tests="1" name="com.selenium.ShadowRoot" time="5.947" errors="0" timestamp="2024-04-22T21:26:56 CDT" skipped="0">
  <testcase classname="com.selenium.ShadowRoot" name="testShadowRoot" time="5.947"/>
</testsuite> <!-- com.selenium.ShadowRoot -->
