<?xml version="1.0" encoding="UTF-8"?>
<!-- Generated by org.testng.reporters.JUnitReportReporter -->
<testsuite hostname="santoshumarsmbp.lan" failures="0" tests="1" name="com.selenium.WebTableT" time="38.276" errors="0" timestamp="2024-04-18T11:26:40 CDT" skipped="0">
  <testcase classname="com.selenium.WebTableT" name="testWebTable1" time="38.276"/>
</testsuite> <!-- com.selenium.WebTableT -->
