<?xml version="1.0" encoding="UTF-8"?>
<!-- Generated by org.testng.reporters.JUnitReportReporter -->
<testsuite hostname="santoshumarsmbp.lan" failures="0" tests="1" name="com.selenium.DropDown" time="3.250" errors="0" timestamp="2024-04-17T22:22:03 CDT" skipped="0">
  <testcase classname="com.selenium.DropDown" name="testDropDown" time="3.250"/>
</testsuite> <!-- com.selenium.DropDown -->
