<?xml version="1.0" encoding="UTF-8"?>
<!-- Generated by org.testng.reporters.JUnitReportReporter -->
<testsuite hostname="santoshumarsmbp.lan" failures="0" tests="1" name="com.selenium.FacebookSignUp" time="4.885" errors="0" timestamp="2024-04-17T10:50:52 CDT" skipped="0">
  <testcase classname="com.selenium.FacebookSignUp" name="testFacebookSingnUp" time="4.885"/>
</testsuite> <!-- com.selenium.FacebookSignUp -->
