<?xml version="1.0" encoding="UTF-8"?>
<!-- Generated by org.testng.reporters.JUnitReportReporter -->
<testsuite hostname="santoshumarsmbp.lan" failures="0" tests="3" name="com.qaguru.training.feb2024.Dependency" time="0.020" errors="0" timestamp="2024-04-03T20:17:45 CDT" skipped="0">
  <testcase classname="com.qaguru.training.feb2024.Dependency" name="addItems" time="0.012"/>
  <testcase classname="com.qaguru.training.feb2024.Dependency" name="editItems" time="0.005"/>
  <testcase classname="com.qaguru.training.feb2024.Dependency" name="deleteItems" time="0.003"/>
</testsuite> <!-- com.qaguru.training.feb2024.Dependency -->
