<?xml version="1.0" encoding="UTF-8"?>
<!-- Generated by org.testng.reporters.JUnitReportReporter -->
<testsuite hostname="santoshumarsmbp.lan" failures="0" tests="1" name="com.selenium.IFrameHandle" time="18.144" errors="0" timestamp="2024-04-17T19:11:47 CDT" skipped="0">
  <testcase classname="com.selenium.IFrameHandle" name="TestNestedFrame" time="18.144"/>
</testsuite> <!-- com.selenium.IFrameHandle -->
