<?xml version="1.0" encoding="UTF-8"?>
<!-- Generated by org.testng.reporters.JUnitReportReporter -->
<testsuite hostname="santoshumarsmbp.lan" failures="0" tests="3" name="com.qaguru.training.feb2024.Example" time="0.009" errors="0" timestamp="2024-04-03T14:21:54 CDT" skipped="0">
  <testcase classname="com.qaguru.training.feb2024.Example" name="test2" time="0.002"/>
  <testcase classname="com.qaguru.training.feb2024.Example" name="test1" time="0.005"/>
  <testcase classname="com.qaguru.training.feb2024.Example" name="testAssert" time="0.002"/>
</testsuite> <!-- com.qaguru.training.feb2024.Example -->
