<?xml version="1.0" encoding="UTF-8"?>
<!-- Generated by org.testng.reporters.JUnitReportReporter -->
<testsuite hostname="santoshumarsmbp.lan" failures="0" tests="1" name="com.jcpenny.tests.Search" time="14.890" errors="0" timestamp="2024-04-25T17:40:38 CDT" skipped="0">
  <testcase classname="com.jcpenny.tests.Search" name="searchTest" time="14.890"/>
</testsuite> <!-- com.jcpenny.tests.Search -->
