<?xml version="1.0" encoding="UTF-8"?>
<!-- Generated by org.testng.reporters.JUnitReportReporter -->
<testsuite hostname="santoshumarsmbp.lan" failures="0" tests="1" name="com.selenium.Nestedframe" time="3.063" errors="0" timestamp="2024-04-17T20:46:12 CDT" skipped="0">
  <testcase classname="com.selenium.Nestedframe" name="testNestedFrames" time="3.063"/>
</testsuite> <!-- com.selenium.Nestedframe -->
