<?xml version="1.0" encoding="UTF-8"?>
<!-- Generated by org.testng.reporters.JUnitReportReporter -->
<testsuite hostname="santoshumarsmbp.lan" failures="0" tests="4" name="com.test.TestAttributes" time="0.006" errors="0" timestamp="2024-04-12T15:13:57 CDT" skipped="1">
  <testcase classname="com.test.TestAttributes" name="test2" time="0.004"/>
  <testcase classname="com.test.TestAttributes" name="test1" time="0.001"/>
  <testcase classname="com.test.TestAttributes" name="test3" time="0.001"/>
  <testcase classname="com.test.TestAttributes" name="test4">
    <skipped/>
  </testcase> <!-- test4 -->
</testsuite> <!-- com.test.TestAttributes -->
