<?xml version="1.0" encoding="UTF-8"?>
<!-- Generated by org.testng.reporters.JUnitReportReporter -->
<testsuite hostname="santoshumarsmbp.lan" failures="0" tests="1" name="com.selenium.Navigation" time="19.252" errors="0" timestamp="2024-04-22T22:55:51 CDT" skipped="0">
  <testcase classname="com.selenium.Navigation" name="testNavigation" time="19.252"/>
</testsuite> <!-- com.selenium.Navigation -->
