<?xml version="1.0" encoding="UTF-8"?>
<!-- Generated by org.testng.reporters.JUnitReportReporter -->
<testsuite hostname="santoshumarsmbp.lan" failures="0" tests="4" name="com.qaguru.training.feb2024.TestPriorities" time="0.010" errors="0" timestamp="2024-04-03T18:53:39 CDT" skipped="0">
  <testcase classname="com.qaguru.training.feb2024.TestPriorities" name="test1" time="0.006"/>
  <testcase classname="com.qaguru.training.feb2024.TestPriorities" name="test4" time="0.002"/>
  <testcase classname="com.qaguru.training.feb2024.TestPriorities" name="test2" time="0.001"/>
  <testcase classname="com.qaguru.training.feb2024.TestPriorities" name="test3" time="0.001"/>
</testsuite> <!-- com.qaguru.training.feb2024.TestPriorities -->
