<?xml version="1.0" encoding="UTF-8"?>
<!-- Generated by org.testng.reporters.JUnitReportReporter -->
<testsuite hostname="santoshumarsmbp.lan" failures="0" tests="1" name="com.selenium.DragAndDrop" time="21.936" errors="0" timestamp="2024-04-16T09:02:29 CDT" skipped="0">
  <testcase classname="com.selenium.DragAndDrop" name="TestDragable" time="21.936"/>
</testsuite> <!-- com.selenium.DragAndDrop -->
