<?xml version="1.0" encoding="UTF-8"?>
<!-- Generated by org.testng.reporters.JUnitReportReporter -->
<testsuite hostname="santoshumarsmbp.lan" failures="0" tests="3" name="com.test.TestNGExample" time="0.004" errors="0" timestamp="2024-04-12T15:13:57 CDT" skipped="0">
  <testcase classname="com.test.TestNGExample" name="test1" time="0.001"/>
  <testcase classname="com.test.TestNGExample" name="testAssert" time="0.001"/>
  <testcase classname="com.test.TestNGExample" name="test2" time="0.002"/>
</testsuite> <!-- com.test.TestNGExample -->
