<?xml version="1.0" encoding="UTF-8"?>
<!-- Generated by org.testng.reporters.JUnitReportReporter -->
<testsuite hostname="santoshumarsmbp.lan" failures="0" tests="1" name="com.qaguru.training.feb2024.Alerts" time="5.571" errors="0" timestamp="2024-04-11T18:38:10 CDT" skipped="0">
  <testcase classname="com.qaguru.training.feb2024.Alerts" name="HandleAlert" time="5.571"/>
</testsuite> <!-- com.qaguru.training.feb2024.Alerts -->
