<?xml version="1.0" encoding="UTF-8"?>
<!-- Generated by org.testng.reporters.JUnitReportReporter -->
<testsuite hostname="santoshumarsmbp.lan" failures="0" tests="1" name="com.selenium.JavascriptAlerts" time="3.565" errors="0" timestamp="2024-04-17T22:10:54 CDT" skipped="0">
  <testcase classname="com.selenium.JavascriptAlerts" name="testAlerts" time="3.565"/>
</testsuite> <!-- com.selenium.JavascriptAlerts -->
