<?xml version="1.0" encoding="UTF-8"?>
<!-- Generated by org.testng.reporters.JUnitReportReporter -->
<testsuite hostname="santoshumarsmbp.lan" failures="0" tests="1" name="com.qaguru.training.feb2024.GetVerify" time="4.151" errors="0" timestamp="2024-04-04T10:54:34 CDT" skipped="0">
  <testcase classname="com.qaguru.training.feb2024.GetVerify" name="testFacebook" time="4.151"/>
</testsuite> <!-- com.qaguru.training.feb2024.GetVerify -->
