<?xml version="1.0" encoding="UTF-8"?>
<!-- Generated by org.testng.reporters.JUnitReportReporter -->
<testsuite hostname="santoshumarsmbp.lan" failures="0" tests="1" name="com.test.NewTest" time="0.005" errors="0" timestamp="2024-04-12T15:10:29 CDT" skipped="0">
  <testcase classname="com.test.NewTest" name="f" time="0.005"/>
</testsuite> <!-- com.test.NewTest -->
