<?xml version="1.0" encoding="UTF-8"?>
<!-- Generated by org.testng.reporters.JUnitReportReporter -->
<testsuite hostname="santoshumarsmbp.lan" failures="0" tests="4" name="com.qaguru.training.feb2024.TestAttributes" time="0.010" errors="0" timestamp="2024-04-03T19:48:15 CDT" skipped="1">
  <testcase classname="com.qaguru.training.feb2024.TestAttributes" name="test2" time="0.008"/>
  <testcase classname="com.qaguru.training.feb2024.TestAttributes" name="test1" time="0.001"/>
  <testcase classname="com.qaguru.training.feb2024.TestAttributes" name="test3" time="0.001"/>
  <testcase classname="com.qaguru.training.feb2024.TestAttributes" name="test4">
    <skipped/>
  </testcase> <!-- test4 -->
</testsuite> <!-- com.qaguru.training.feb2024.TestAttributes -->
