<?xml version="1.0" encoding="UTF-8"?>
<!-- Generated by org.testng.reporters.JUnitReportReporter -->
<testsuite hostname="santoshumarsmbp.lan" failures="0" tests="1" name="com.qaguru.training.feb2024.GetDriverMethod" time="3.983" errors="0" timestamp="2024-04-04T11:29:21 CDT" skipped="0">
  <testcase classname="com.qaguru.training.feb2024.GetDriverMethod" name="testFacebook" time="3.983"/>
</testsuite> <!-- com.qaguru.training.feb2024.GetDriverMethod -->
