<?xml version="1.0" encoding="UTF-8"?>
<!-- Generated by org.testng.reporters.JUnitReportReporter -->
<testsuite hostname="santoshumarsmbp.lan" failures="0" tests="1" name="com.qaguru.training.feb2024.IFrameHandle" time="17.010" errors="0" timestamp="2024-04-12T14:35:53 CDT" skipped="0">
  <testcase classname="com.qaguru.training.feb2024.IFrameHandle" name="testIFrameHandle" time="17.010"/>
</testsuite> <!-- com.qaguru.training.feb2024.IFrameHandle -->
