<?xml version="1.0" encoding="UTF-8"?>
<!-- Generated by org.testng.reporters.JUnitReportReporter -->
<testsuite hostname="santoshumarsmbp.lan" failures="0" tests="1" name="com.selenium.CaptureScreen" time="8.852" errors="0" timestamp="2024-04-22T18:58:17 CDT" skipped="0">
  <testcase classname="com.selenium.CaptureScreen" name="testCaptureScreen" time="8.852"/>
</testsuite> <!-- com.selenium.CaptureScreen -->
