<?xml version="1.0" encoding="UTF-8"?>
<!-- Generated by org.testng.reporters.JUnitReportReporter -->
<testsuite hostname="santoshumarsmbp.lan" failures="0" tests="1" name="com.selenium.GetDriverMethod" time="7.366" errors="0" timestamp="2024-04-16T19:53:37 CDT" skipped="0">
  <testcase classname="com.selenium.GetDriverMethod" name="testFacebook" time="7.366"/>
</testsuite> <!-- com.selenium.GetDriverMethod -->
