<?xml version="1.0" encoding="UTF-8"?>
<!-- Generated by org.testng.reporters.JUnitReportReporter -->
<testsuite hostname="santoshumarsmbp.lan" failures="0" tests="3" name="com.selenium.VerifyUsers" time="7.709" errors="0" timestamp="2024-04-19T12:00:00 CDT" skipped="1">
  <testcase classname="com.selenium.VerifyUsers" name="testUserLogin" time="4.444"/>
  <testcase classname="com.selenium.VerifyUsers" name="testAddUser" time="3.265"/>
  <testcase classname="com.selenium.VerifyUsers" name="testLoginFail">
    <skipped/>
  </testcase> <!-- testLoginFail -->
</testsuite> <!-- com.selenium.VerifyUsers -->
