<?xml version="1.0" encoding="UTF-8"?>
<!-- Generated by org.testng.reporters.JUnitReportReporter -->
<testsuite hostname="santoshumarsmbp.lan" failures="0" tests="1" name="com.selenium.JsExecutor" time="5.113" errors="0" timestamp="2024-04-22T22:21:35 CDT" skipped="0">
  <testcase classname="com.selenium.JsExecutor" name="testJsExecutor" time="5.113"/>
</testsuite> <!-- com.selenium.JsExecutor -->
