<?xml version="1.0" encoding="UTF-8"?>
<!-- Generated by org.testng.reporters.JUnitReportReporter -->
<testsuite hostname="santoshumarsmbp.lan" failures="0" tests="1" name="com.qaguru.training.feb2024.TesFacebookPages" time="7.300" errors="0" timestamp="2024-04-04T09:57:53 CDT" skipped="0">
  <testcase classname="com.qaguru.training.feb2024.TesFacebookPages" name="testFacebook" time="7.300"/>
</testsuite> <!-- com.qaguru.training.feb2024.TesFacebookPages -->
