<?xml version="1.0" encoding="UTF-8"?>
<!-- Generated by org.testng.reporters.JUnitReportReporter -->
<testsuite hostname="santoshumarsmbp.lan" failures="0" tests="3" name="com.test.Dependency" time="0.003" errors="0" timestamp="2024-04-12T15:10:29 CDT" skipped="0">
  <testcase classname="com.test.Dependency" name="addItems" time="0.001"/>
  <testcase classname="com.test.Dependency" name="editItems" time="0.001"/>
  <testcase classname="com.test.Dependency" name="deleteItems" time="0.001"/>
</testsuite> <!-- com.test.Dependency -->
