<?xml version="1.0" encoding="UTF-8"?>
<!-- Generated by org.testng.reporters.JUnitReportReporter -->
<testsuite hostname="santoshumarsmbp.lan" failures="0" tests="1" name="com.api.test.APIExample" time="2.703" errors="0" timestamp="2024-04-19T15:13:22 CDT" skipped="0">
  <testcase classname="com.api.test.APIExample" name="testDELETEAPI" time="2.703"/>
</testsuite> <!-- com.api.test.APIExample -->
