<?xml version="1.0" encoding="UTF-8"?>
<!-- Generated by org.testng.reporters.JUnitReportReporter -->
<testsuite hostname="santoshumarsmbp.lan" failures="0" tests="1" name="com.qaguru.training.feb2024.FacebookSignUp" time="4.022" errors="0" timestamp="2024-04-09T10:28:43 CDT" skipped="0">
  <testcase classname="com.qaguru.training.feb2024.FacebookSignUp" name="testFacebookSingnUp" time="4.022"/>
</testsuite> <!-- com.qaguru.training.feb2024.FacebookSignUp -->
